[    0.000000] Linux version 4.15.0-128-generic (buildd@lcy01-amd64-025) (gcc version 7.5.0 (Ubuntu 7.5.0-3ubuntu1~18.04)) #131-Ubuntu SMP Wed Dec 9 06:57:35 UTC 2020 (Ubuntu 4.15.0-128.131-generic 4.15.18)
[    0.000000] Command line: BOOT_IMAGE=/boot/vmlinuz-4.15.0-128-generic root=UUID=a582e8d1-b7a9-43c9-bc43-fd80e8102b06 ro console=tty1 console=ttyS0
[    0.000000] KERNEL supported cpus:
[    0.000000]   Intel GenuineIntel
[    0.000000]   AMD AuthenticAMD
[    0.000000]   Centaur CentaurHauls
[    0.000000] x86/fpu: Supporting XSAVE feature 0x001: 'x87 floating point registers'
[    0.000000] x86/fpu: Supporting XSAVE feature 0x002: 'SSE registers'
[    0.000000] x86/fpu: Supporting XSAVE feature 0x004: 'AVX registers'
[    0.000000] x86/fpu: xstate_offset[2]:  576, xstate_sizes[2]:  256
[    0.000000] x86/fpu: Enabled xstate features 0x7, context size is 832 bytes, using 'standard' format.
[    0.000000] e820: BIOS-provided physical RAM map:
[    0.000000] BIOS-e820: [mem 0x0000000000000000-0x000000000009fbff] usable
[    0.000000] BIOS-e820: [mem 0x000000000009fc00-0x000000000009ffff] reserved
[    0.000000] BIOS-e820: [mem 0x00000000000f0000-0x00000000000fffff] reserved
[    0.000000] BIOS-e820: [mem 0x0000000000100000-0x000000007ffeffff] usable
[    0.000000] BIOS-e820: [mem 0x000000007fff0000-0x000000007fffffff] ACPI data
[    0.000000] BIOS-e820: [mem 0x00000000fec00000-0x00000000fec00fff] reserved
[    0.000000] BIOS-e820: [mem 0x00000000fee00000-0x00000000fee00fff] reserved
[    0.000000] BIOS-e820: [mem 0x00000000fffc0000-0x00000000ffffffff] reserved
[    0.000000] NX (Execute Disable) protection: active
[    0.000000] SMBIOS 2.5 present.
[    0.000000] DMI: innotek GmbH VirtualBox/VirtualBox, BIOS VirtualBox 12/01/2006
[    0.000000] Hypervisor detected: KVM
[    0.000000] e820: last_pfn = 0x7fff0 max_arch_pfn = 0x400000000
[    0.000000] MTRR: Disabled
[    0.000000] x86/PAT: MTRRs disabled, skipping PAT initialization too.
[    0.000000] CPU MTRRs all blank - virtualized system.
[    0.000000] x86/PAT: Configuration [0-7]: WB  WT  UC- UC  WB  WT  UC- UC  
[    0.000000] found SMP MP-table at [mem 0x0009fff0-0x0009ffff]
[    0.000000] Scanning 1 areas for low memory corruption
[    0.000000] RAMDISK: [mem 0x3595b000-0x36ca4fff]
[    0.000000] ACPI: Early table checksum verification disabled
[    0.000000] ACPI: RSDP 0x00000000000E0000 000024 (v02 VBOX  )
[    0.000000] ACPI: XSDT 0x000000007FFF0030 00003C (v01 VBOX   VBOXXSDT 00000001 ASL  00000061)
[    0.000000] ACPI: FACP 0x000000007FFF00F0 0000F4 (v04 VBOX   VBOXFACP 00000001 ASL  00000061)
[    0.000000] ACPI: DSDT 0x000000007FFF0470 0022EA (v02 VBOX   VBOXBIOS 00000002 INTL 20100528)
[    0.000000] ACPI: FACS 0x000000007FFF0200 000040
[    0.000000] ACPI: FACS 0x000000007FFF0200 000040
[    0.000000] ACPI: APIC 0x000000007FFF0240 00005C (v02 VBOX   VBOXAPIC 00000001 ASL  00000061)
[    0.000000] ACPI: SSDT 0x000000007FFF02A0 0001CC (v01 VBOX   VBOXCPUT 00000002 INTL 20100528)
[    0.000000] No NUMA configuration found
[    0.000000] Faking a node at [mem 0x0000000000000000-0x000000007ffeffff]
[    0.000000] NODE_DATA(0) allocated [mem 0x7ffc5000-0x7ffeffff]
[    0.000000] kvm-clock: cpu 0, msr 0:7ff44001, primary cpu clock
[    0.000000] kvm-clock: Using msrs 4b564d01 and 4b564d00
[    0.000000] kvm-clock: using sched offset of 18386008914 cycles
[    0.000000] clocksource: kvm-clock: mask: 0xffffffffffffffff max_cycles: 0x1cd42e4dffb, max_idle_ns: 881590591483 ns
[    0.000000] Zone ranges:
[    0.000000]   DMA      [mem 0x0000000000001000-0x0000000000ffffff]
[    0.000000]   DMA32    [mem 0x0000000001000000-0x000000007ffeffff]
[    0.000000]   Normal   empty
[    0.000000]   Device   empty
[    0.000000] Movable zone start for each node
[    0.000000] Early memory node ranges
[    0.000000]   node   0: [mem 0x0000000000001000-0x000000000009efff]
[    0.000000]   node   0: [mem 0x0000000000100000-0x000000007ffeffff]
[    0.000000] Reserved but unavailable: 98 pages
[    0.000000] Initmem setup node 0 [mem 0x0000000000001000-0x000000007ffeffff]
[    0.000000] ACPI: PM-Timer IO Port: 0x4008
[    0.000000] IOAPIC[0]: apic_id 2, version 32, address 0xfec00000, GSI 0-23
[    0.000000] ACPI: INT_SRC_OVR (bus 0 bus_irq 0 global_irq 2 dfl dfl)
[    0.000000] ACPI: INT_SRC_OVR (bus 0 bus_irq 9 global_irq 9 low level)
[    0.000000] Using ACPI (MADT) for SMP configuration information
[    0.000000] smpboot: Allowing 2 CPUs, 0 hotplug CPUs
[    0.000000] PM: Registered nosave memory: [mem 0x00000000-0x00000fff]
[    0.000000] PM: Registered nosave memory: [mem 0x0009f000-0x0009ffff]
[    0.000000] PM: Registered nosave memory: [mem 0x000a0000-0x000effff]
[    0.000000] PM: Registered nosave memory: [mem 0x000f0000-0x000fffff]
[    0.000000] e820: [mem 0x80000000-0xfebfffff] available for PCI devices
[    0.000000] Booting paravirtualized kernel on KVM
[    0.000000] clocksource: refined-jiffies: mask: 0xffffffff max_cycles: 0xffffffff, max_idle_ns: 7645519600211568 ns
[    0.000000] random: get_random_bytes called from start_kernel+0x99/0x500 with crng_init=0
[    0.000000] setup_percpu: NR_CPUS:8192 nr_cpumask_bits:2 nr_cpu_ids:2 nr_node_ids:1
[    0.000000] percpu: Embedded 45 pages/cpu s147456 r8192 d28672 u1048576
[    0.000000] PV qspinlock hash table entries: 256 (order: 0, 4096 bytes)
[    0.000000] Built 1 zonelists, mobility grouping on.  Total pages: 515961
[    0.000000] Policy zone: DMA32
[    0.000000] Kernel command line: BOOT_IMAGE=/boot/vmlinuz-4.15.0-128-generic root=UUID=a582e8d1-b7a9-43c9-bc43-fd80e8102b06 ro console=tty1 console=ttyS0
[    0.000000] Memory: 2014676K/2096696K available (12300K kernel code, 2492K rwdata, 4264K rodata, 2440K init, 2724K bss, 82020K reserved, 0K cma-reserved)
[    0.000000] SLUB: HWalign=64, Order=0-3, MinObjects=0, CPUs=2, Nodes=1
[    0.000000] Kernel/User page tables isolation: enabled
[    0.000000] ftrace: allocating 39406 entries in 154 pages
[    0.004000] Hierarchical RCU implementation.
[    0.004000] 	RCU restricting CPUs from NR_CPUS=8192 to nr_cpu_ids=2.
[    0.004000] 	Tasks RCU enabled.
[    0.004000] RCU: Adjusting geometry for rcu_fanout_leaf=16, nr_cpu_ids=2
[    0.004000] NR_IRQS: 524544, nr_irqs: 440, preallocated irqs: 16
[    0.004000] Console: colour VGA+ 80x25
[    0.004000] console [tty1] enabled
[    0.004000] console [ttyS0] enabled
[    0.004000] ACPI: Core revision 20170831
[    0.004000] ACPI: 2 ACPI AML tables successfully acquired and loaded
[    0.004000] APIC: Switch to symmetric I/O mode setup
[    0.004000] x2apic enabled
[    0.004000] Switched APIC routing to physical x2apic.
[    0.004000] ..TIMER: vector=0x30 apic1=0 pin1=2 apic2=-1 pin2=-1
[    0.004006] tsc: Detected 1596.288 MHz processor
[    0.005105] Calibrating delay loop (skipped) preset value.. 3192.57 BogoMIPS (lpj=6385152)
[    0.008007] pid_max: default: 32768 minimum: 301
[    0.009156] Security Framework initialized
[    0.012005] Yama: becoming mindful.
[    0.012892] AppArmor: AppArmor initialized
[    0.014976] Dentry cache hash table entries: 262144 (order: 9, 2097152 bytes)
[    0.016893] Inode-cache hash table entries: 131072 (order: 8, 1048576 bytes)
[    0.018555] Mount-cache hash table entries: 4096 (order: 3, 32768 bytes)
[    0.020015] Mountpoint-cache hash table entries: 4096 (order: 3, 32768 bytes)
[    0.024303] Last level iTLB entries: 4KB 64, 2MB 8, 4MB 8
[    0.025230] Last level dTLB entries: 4KB 64, 2MB 0, 4MB 0, 1GB 4
[    0.026473] Spectre V1 : Mitigation: usercopy/swapgs barriers and __user pointer sanitization
[    0.028003] Spectre V2 : Mitigation: Full generic retpoline
[    0.029087] Spectre V2 : Spectre v2 / SpectreRSB mitigation: Filling RSB on context switch
[    0.030664] Speculative Store Bypass: Vulnerable
[    0.031648] SRBDS: Unknown: Dependent on hypervisor status
[    0.032002] MDS: Mitigation: Clear CPU buffers
[    0.033074] Freeing SMP alternatives memory: 36K
[    0.145067] smpboot: CPU0: Intel(R) Core(TM) i5-5250U CPU @ 1.60GHz (family: 0x6, model: 0x3d, stepping: 0x4)
[    0.148136] Performance Events: unsupported p6 CPU model 61 no PMU driver, software events only.
[    0.151113] Hierarchical SRCU implementation.
[    0.153019] NMI watchdog: Perf event create on CPU 0 failed with -2
[    0.154601] NMI watchdog: Perf NMI watchdog permanently disabled
[    0.156115] smp: Bringing up secondary CPUs ...
[    0.157506] x86: Booting SMP configuration:
[    0.160010] .... node  #0, CPUs:      #1
[    0.004000] kvm-clock: cpu 1, msr 0:7ff44041, secondary cpu clock
[    0.168031] smp: Brought up 1 node, 2 CPUs
[    0.168743] smpboot: Max logical packages: 1
[    0.169661] smpboot: Total of 2 processors activated (6385.15 BogoMIPS)
[    0.172010] devtmpfs: initialized
[    0.173012] x86/mm: Memory block size: 128MB
[    0.174874] evm: security.selinux
[    0.175563] evm: security.SMACK64
[    0.176009] evm: security.SMACK64EXEC
[    0.177102] evm: security.SMACK64TRANSMUTE
[    0.177997] evm: security.SMACK64MMAP
[    0.178653] evm: security.apparmor
[    0.180007] evm: security.ima
[    0.180716] evm: security.capability
[    0.181434] clocksource: jiffies: mask: 0xffffffff max_cycles: 0xffffffff, max_idle_ns: 7645041785100000 ns
[    0.184081] futex hash table entries: 512 (order: 3, 32768 bytes)
[    0.186356] pinctrl core: initialized pinctrl subsystem
[    0.188132] RTC time:  4:31:43, date: 01/04/21
[    0.189254] NET: Registered protocol family 16
[    0.190362] audit: initializing netlink subsys (disabled)
[    0.192065] audit: type=2000 audit(1609734723.553:1): state=initialized audit_enabled=0 res=1
[    0.193565] cpuidle: using governor ladder
[    0.193565] cpuidle: using governor menu
[    0.196061] ACPI: bus type PCI registered
[    0.196823] acpiphp: ACPI Hot Plug PCI Controller Driver version: 0.5
[    0.198057] PCI: Using configuration type 1 for base access
[    0.200685] HugeTLB registered 2.00 MiB page size, pre-allocated 0 pages
[    0.201445] ACPI: Added _OSI(Module Device)
[    0.204005] ACPI: Added _OSI(Processor Device)
[    0.205071] ACPI: Added _OSI(3.0 _SCP Extensions)
[    0.206142] ACPI: Added _OSI(Processor Aggregator Device)
[    0.207296] ACPI: Added _OSI(Linux-Dell-Video)
[    0.208008] ACPI: Added _OSI(Linux-Lenovo-NV-HDMI-Audio)
[    0.208903] ACPI: Added _OSI(Linux-HPI-Hybrid-Graphics)
[    0.210416] ACPI: Executed 1 blocks of module-level executable AML code
[    0.216705] ACPI: Interpreter enabled
[    0.217439] ACPI: (supports S0 S5)
[    0.218082] ACPI: Using IOAPIC for interrupt routing
[    0.219248] PCI: Using host bridge windows from ACPI; if necessary, use "pci=nocrs" and report a bug
[    0.220182] ACPI: Enabled 2 GPEs in block 00 to 07
[    0.228354] ACPI: PCI Root Bridge [PCI0] (domain 0000 [bus 00-ff])
[    0.229584] acpi PNP0A03:00: _OSC: OS supports [ASPM ClockPM Segments MSI]
[    0.231327] acpi PNP0A03:00: _OSC: not requesting OS control; OS requires [ExtendedConfig ASPM ClockPM MSI]
[    0.232023] acpi PNP0A03:00: fail to add MMCONFIG information, can't access extended PCI configuration space under this bridge.
[    0.234437] PCI host bridge to bus 0000:00
[    0.236011] pci_bus 0000:00: root bus resource [io  0x0000-0x0cf7 window]
[    0.237329] pci_bus 0000:00: root bus resource [io  0x0d00-0xffff window]
[    0.238535] pci_bus 0000:00: root bus resource [mem 0x000a0000-0x000bffff window]
[    0.240006] pci_bus 0000:00: root bus resource [mem 0x80000000-0xfdffffff window]
[    0.241543] pci_bus 0000:00: root bus resource [bus 00-ff]
[    0.245402] pci 0000:00:01.1: legacy IDE quirk: reg 0x10: [io  0x01f0-0x01f7]
[    0.246638] pci 0000:00:01.1: legacy IDE quirk: reg 0x14: [io  0x03f6]
[    0.247872] pci 0000:00:01.1: legacy IDE quirk: reg 0x18: [io  0x0170-0x0177]
[    0.248006] pci 0000:00:01.1: legacy IDE quirk: reg 0x1c: [io  0x0376]
[    0.286199] pci 0000:00:07.0: quirk: [io  0x4000-0x403f] claimed by PIIX4 ACPI
[    0.288023] pci 0000:00:07.0: quirk: [io  0x4100-0x410f] claimed by PIIX4 SMB
[    0.312223] ACPI: PCI Interrupt Link [LNKA] (IRQs 5 9 10 *11)
[    0.314263] ACPI: PCI Interrupt Link [LNKB] (IRQs 5 9 *10 11)
[    0.315805] ACPI: PCI Interrupt Link [LNKC] (IRQs 5 *9 10 11)
[    0.316195] ACPI: PCI Interrupt Link [LNKD] (IRQs 5 9 10 *11)
[    0.318168] SCSI subsystem initialized
[    0.320086] pci 0000:00:02.0: vgaarb: setting as boot VGA device
[    0.321441] pci 0000:00:02.0: vgaarb: VGA device added: decodes=io+mem,owns=io+mem,locks=none
[    0.324015] pci 0000:00:02.0: vgaarb: bridge control possible
[    0.325374] vgaarb: loaded
[    0.326189] ACPI: bus type USB registered
[    0.327330] usbcore: registered new interface driver usbfs
[    0.328021] usbcore: registered new interface driver hub
[    0.329303] usbcore: registered new device driver usb
[    0.330718] EDAC MC: Ver: 3.0.0
[    0.332395] PCI: Using ACPI for IRQ routing
[    0.333909] NetLabel: Initializing
[    0.336011] NetLabel:  domain hash size = 128
[    0.337099] NetLabel:  protocols = UNLABELED CIPSOv4 CALIPSO
[    0.338474] NetLabel:  unlabeled traffic allowed by default
[    0.340124] clocksource: Switched to clocksource kvm-clock
[    0.355351] VFS: Disk quotas dquot_6.6.0
[    0.356108] VFS: Dquot-cache hash table entries: 512 (order 0, 4096 bytes)
[    0.357479] AppArmor: AppArmor Filesystem Enabled
[    0.358741] pnp: PnP ACPI init
[    0.360561] pnp: PnP ACPI: found 3 devices
[    0.370699] clocksource: acpi_pm: mask: 0xffffff max_cycles: 0xffffff, max_idle_ns: 2085701024 ns
[    0.372284] NET: Registered protocol family 2
[    0.373878] TCP established hash table entries: 16384 (order: 5, 131072 bytes)
[    0.375857] TCP bind hash table entries: 16384 (order: 6, 262144 bytes)
[    0.377219] TCP: Hash tables configured (established 16384 bind 16384)
[    0.378951] UDP hash table entries: 1024 (order: 3, 32768 bytes)
[    0.380088] UDP-Lite hash table entries: 1024 (order: 3, 32768 bytes)
[    0.381860] NET: Registered protocol family 1
[    0.382625] pci 0000:00:00.0: Limiting direct PCI/PCI transfers
[    0.383885] pci 0000:00:01.0: Activating ISA DMA hang workarounds
[    0.385212] pci 0000:00:02.0: Video device with shadowed ROM at [mem 0x000c0000-0x000dffff]
[    0.386829] Unpacking initramfs...
[    0.743983] Freeing initrd memory: 19752K
[    0.745065] clocksource: tsc: mask: 0xffffffffffffffff max_cycles: 0x1702725a6a3, max_idle_ns: 440795273448 ns
[    0.747747] platform rtc_cmos: registered platform RTC device (no PNP device found)
[    0.749883] Scanning for low memory corruption every 60 seconds
[    0.752505] Initialise system trusted keyrings
[    0.753708] Key type blacklist registered
[    0.754868] workingset: timestamp_bits=36 max_order=19 bucket_order=0
[    0.757828] zbud: loaded
[    0.759061] squashfs: version 4.0 (2009/01/31) Phillip Lougher
[    0.760404] fuse init (API version 7.26)
[    0.763273] Key type asymmetric registered
[    0.764042] Asymmetric key parser 'x509' registered
[    0.764915] Block layer SCSI generic (bsg) driver version 0.4 loaded (major 246)
[    0.766342] io scheduler noop registered
[    0.767141] io scheduler deadline registered
[    0.768057] io scheduler cfq registered (default)
[    0.769476] ACPI: AC Adapter [AC] (off-line)
[    0.770380] input: Power Button as /devices/LNXSYSTM:00/LNXPWRBN:00/input/input0
[    0.771775] ACPI: Power Button [PWRF]
[    0.772623] input: Sleep Button as /devices/LNXSYSTM:00/LNXSLPBN:00/input/input1
[    0.774027] ACPI: Sleep Button [SLPF]
[    0.776180] Serial: 8250/16550 driver, 32 ports, IRQ sharing enabled
[    0.776253] ACPI: Battery Slot [BAT0] (battery present)
[    0.799311] 00:02: ttyS0 at I/O 0x3f8 (irq = 4, base_baud = 15200) is a 16550A
    0.803862] Linux agpgart interface v0.103
[    0.805968] loop: module loaded
[    0.807235] scsi host0: ata_piix
[    0.808163] scsi host1: ata_piix
[    0.808919] ata1: PATA max UDMA/33 cmd 0x1f0 ctl 0x3f6 bmdma 0xd000 irq 14
[    0.810100] ata2: PATA max UDMA/33 cmd 0x170 ctl 0x376 bmdma 0xd008 irq 15
[    0.811386] libphy: Fixed MDIO Bus: probed
[    0.812154] tun: Universal TUN/TAP device driver, 1.6
[    0.813258] PPP generic driver version 2.4.2
[    0.814236] ehci_hcd: USB 2.0 'Enhanced' Host Controller (EHCI) Driver
[    0.816119] ehci-pci: EHCI PCI platform driver
[    0.817100] ehci-platform: EHCI generic platform driver
[    0.818316] ohci_hcd: USB 1.1 'Open' Host Controller (OHCI) Driver
[    0.819380] ohci-pci: OHCI PCI platform driver
[    0.820163] ohci-platform: OHCI generic platform driver
[    0.821243] uhci_hcd: USB Universal Host Controller Interface driver
[    0.822613] i8042: PNP: PS/2 Controller [PNP0303:PS2K,PNP0f03:PS2M] at 0x60,0x64 irq 1,12
[    0.825291] serio: i8042 KBD port at 0x60,0x64 irq 1
[    0.826258] serio: i8042 AUX port at 0x60,0x64 irq 12
[    0.827306] mousedev: PS/2 mouse device common for all mice
[    0.828820] input: AT Translated Set 2 keyboard as /devices/platform/i8042/serio0/input/input2
[    0.830948] rtc_cmos rtc_cmos: rtc core: registered rtc_cmos as rtc0
[    0.832311] rtc_cmos rtc_cmos: alarms up to one day, 114 bytes nvram
[    0.833583] i2c /dev entries driver
[    0.834350] device-mapper: uevent: version 1.0.3
[    0.835995] device-mapper: ioctl: 4.37.0-ioctl (2017-09-20) initialised: dm-devel@redhat.com
[    0.837837] ledtrig-cpu: registered to indicate activity on CPUs
[    0.839564] NET: Registered protocol family 10
[    0.845414] Segment Routing with IPv6
[    0.846286] NET: Registered protocol family 17
[    0.847281] Key type dns_resolver registered
[    0.848529] mce: Using 0 MCE banks
[    0.849604] RAS: Correctable Errors collector initialized.
[    0.850584] sched_clock: Marking stable (848391087, 0)->(1027993051, -179601964)
[    0.852335] registered taskstats version 1
[    0.853168] Loading compiled-in X.509 certificates
[    0.857023] Loaded X.509 cert 'Build time autogenerated kernel key: a4ed3776674b1fc76878248053bb1a15dcee1c82'
[    0.858920] zswap: loaded using pool lzo/zbud
[    0.863984] Key type big_key registered
[    0.864896] Key type trusted registered
[    0.867639] Key type encrypted registered
[    0.869399] AppArmor: AppArmor sha1 policy hashing enabled
[    0.873703] ima: No TPM chip found, activating TPM-bypass! (rc=-19)
[    0.874924] ima: Allocated hash algorithm: sha1
[    0.876842] evm: HMAC attrs: 0x1
[    0.877788]   Magic number: 5:168:514
[    0.878690] rtc_cmos rtc_cmos: setting system clock to 2021-01-04 04:31:44 UTC (1609734704)
[    0.880542] BIOS EDD facility v0.16 2004-Jun-25, 0 devices found
[    0.881756] EDD information not available.
[    0.975478] Freeing unused kernel image memory: 2440K
[    0.988092] Write protecting the kernel read-only data: 20480k
[    0.990070] Freeing unused kernel image memory: 2008K
[    0.991580] Freeing unused kernel image memory: 1880K
[    0.999905] x86/mm: Checked W+X mappings: passed, no W+X pages found.
[    1.001312] x86/mm: Checking user space page tables
[    1.011480] x86/mm: Checked W+X mappings: passed, no W+X pages found.
Loading, please wait...
starting version 237
[    1.092468] e1000: Intel(R) PRO/1000 Network Driver - version 7.3.21-k8-NAPI
[    1.094877] e1000: Copyright (c) 1999-2006 Intel Corporation.
[    1.114234] Fusion MPT base driver 3.04.20
[    1.115026] Copyright (c) 1999-2008 LSI Corporation
[    1.120238] Fusion MPT SPI Host driver 3.04.20
[    1.127276] AVX2 version of gcm_enc/dec engaged.
[    1.128606] AES CTR mode by8 optimization enabled
[    1.314642] input: ImExPS/2 Generic Explorer Mouse as /devices/platform/i8042/serio1/input/input4
[    1.518667] e1000 0000:00:03.0 eth0: (PCI:33MHz:32-bit) 02:60:71:1d:34:36
[    1.535539] e1000 0000:00:03.0 eth0: Intel(R) PRO/1000 Network Connection
[    1.949465] e1000 0000:00:08.0 eth1: (PCI:33MHz:32-bit) 08:00:27:93:c8:ad
[    1.950918] e1000 0000:00:08.0 eth1: Intel(R) PRO/1000 Network Connection
[    1.954523] e1000 0000:00:03.0 enp0s3: renamed from eth0
[    1.956617] mptbase: ioc0: Initiating bringup
[    1.972866] e1000 0000:00:08.0 enp0s8: renamed from eth1
[    2.056328] ioc0: LSI53C1030 A0: Capabilities={Initiator}
[    2.297864] scsi host2: ioc0: LSI53C1030 A0, FwRev=00000000h, Ports=1, MaxQ=256, IRQ=20
[    2.464633] scsi 2:0:0:0: Direct-Access     VBOX     HARDDISK         1.0  PQ: 0 ANSI: 5
[    2.496610] scsi target2:0:0: Beginning Domain Validation
[    2.498695] scsi target2:0:0: Domain Validation skipping write tests
[    2.499999] scsi target2:0:0: Ending Domain Validation
[    2.501193] scsi target2:0:0: asynchronous
[    2.502434] scsi 2:0:1:0: Direct-Access     VBOX     HARDDISK         1.0  PQ: 0 ANSI: 5
[    2.825387] scsi target2:0:1: Beginning Domain Validation
[    2.827197] random: fast init done
[    2.828123] scsi target2:0:1: Domain Validation skipping write tests
[    2.829317] scsi target2:0:1: Ending Domain Validation
[    2.830371] scsi target2:0:1: asynchronous
[    2.834473] random: systemd-udevd: uninitialized urandom read (16 bytes read)
[    2.835893] random: systemd-udevd: uninitialized urandom read (16 bytes read)
[    2.837333] random: systemd-udevd: uninitialized urandom read (16 bytes read)
[    2.839053] sd 2:0:0:0: [sda] 20971520 512-byte logical blocks: (10.7 GB/10.0 GiB)
[    2.840721] sd 2:0:0:0: [sda] Write Protect is off
[    2.841840] sd 2:0:0:0: [sda] Incomplete mode parameter data
[    2.843023] sd 2:0:0:0: [sda] Assuming drive cache: write through
[    2.844601] sd 2:0:0:0: Attached scsi generic sg0 type 0
[    2.846840] sd 2:0:1:0: [sdb] 20480 512-byte logical blocks: (10.5 MB/10.0 MiB)
[    2.849301] sd 2:0:1:0: [sdb] Write Protect is off
[    2.850438] sd 2:0:1:0: [sdb] Incomplete mode parameter data
[    2.851610] sd 2:0:1:0: [sdb] Assuming drive cache: write through
[    2.853277] sd 2:0:1:0: Attached scsi generic sg1 type 0
[    3.052416]  sda: sda1
[    3.054150] sd 2:0:0:0: [sda] Attached SCSI disk
[    3.179112] sd 2:0:1:0: [sdb] Attached SCSI disk
Begin: Loading essential drivers ... [    5.272054] raid6: sse2x1   gen()  8017 MB/s
[    5.320056] raid6: sse2x1   xor()  5709 MB/s
[    5.368073] raid6: sse2x2   gen() 10169 MB/s
[    5.416058] raid6: sse2x2   xor()  5881 MB/s
[    5.464057] raid6: sse2x4   gen() 11339 MB/s
[    5.512065] raid6: sse2x4   xor()  6032 MB/s
[    5.560065] raid6: avx2x1   gen() 15557 MB/s
[    5.608037] raid6: avx2x1   xor() 10492 MB/s
[    5.656048] raid6: avx2x2   gen() 18630 MB/s
[    5.704081] raid6: avx2x2   xor() 10083 MB/s
[    5.752066] raid6: avx2x4   gen() 16432 MB/s
[    5.800060] raid6: avx2x4   xor() 10046 MB/s
[    5.801488] raid6: using algorithm avx2x2 gen() 18630 MB/s
[    5.803116] raid6: .... xor() 10083 MB/s, rmw enabled
[    5.804583] raid6: using avx2x2 recovery algorithm
[    5.817410] xor: automatically using best checksumming function   avx       
[    5.840160] async_tx: api initialized (async)
done.
Begin: Running /scripts/init-premount ... done.
Begin: Mounting root file system ... Begin: Running /scripts/local-top ... done.
Begin: Running /scripts/local-premount ... [    5.920834] Btrfs loaded, crc32c=crc32c-intel
Scanning for Btrfs filesystems
done.
Warning: fsck not present, so skipping root file system
[    6.819318] EXT4-fs (sda1): mounted filesystem with ordered data mode. Opts: (null)
done.
Begin: Running /scripts/local-bottom ... done.
Begin: Running /scripts/init-bottom ... [    7.487171] random: crng init done
[    7.488040] random: 7 urandom warning(s) missed due to ratelimiting
done.
[   14.621492] ip_tables: (C) 2000-2006 Netfilter Core Team
[   14.949229] systemd[1]: systemd 237 running in system mode. (+PAM +AUDIT +SELINUX +IMA +APPARMOR +SMACK +SYSVINIT +UTMP +LIBCRYPTSETUP +GCRYPT +GNUTLS +ACL +XZ +LZ4 +SECCOMP +BLKID +ELFUTILS +KMOD -IDN2 +IDN -PCRE2 default-hierarchy=hybrid)
[   14.954904] systemd[1]: Detected virtualization oracle.
[   14.956193] systemd[1]: Detected architecture x86-64.

Welcome to [1mUbuntu 18.04.5 LTS[0m!

[   15.063086] systemd[1]: Set hostname to <kubenode02>.
[   26.981042] systemd[1]: Configuration file /lib/systemd/system/kubelet.service is marked world-inaccessible. This has no effect as configuration data is accessible via APIs without restrictions. Proceeding anyway.
[   27.049666] systemd[1]: Configuration file /etc/systemd/system/kubelet.service.d/10-kubeadm.conf is marked world-inaccessible. This has no effect as configuration data is accessible via APIs without restrictions. Proceeding anyway.
[   27.800585] systemd[1]: Created slice System Slice.
[[0;32m  OK  [0m] Created slice System Slice.
[   27.802335] systemd[1]: Started Forward Password Requests to Wall Directory Watch.
[[0;32m  OK  [0m] Started Forward Password Requests to Wall Directory Watch.
[   27.804859] systemd[1]: Listening on udev Kernel Socket.
[[0;32m  OK  [0m] Listening on udev Kernel Socket.
[   27.806695] systemd[1]: Listening on Syslog Socket.
[[0;32m  OK  [0m] Listening on Syslog Socket.
[   27.809255] systemd[1]: Created slice system-serial\x2dgetty.slice.
[[0;32m  OK  [0m] Created slice system-serial\x2dgetty.slice.
[   27.812623] systemd[1]: Listening on LVM2 metadata daemon socket.
[[0;32m  OK  [0m] Listening on LVM2 metadata daemon socket.
[   27.814749] systemd[1]: Reached target User and Group Name Lookups.
[[0;32m  OK  [0m] Reached target User and Group Name Lookups.
[   27.816890] systemd[1]: Listening on LVM2 poll daemon socket.
[[0;32m  OK  [0m] Listening on LVM2 poll daemon socket.
[[0;32m  OK  [0m] Listening on Device-mapper event daemon FIFOs.
[[0;32m  OK  [0m] Listening on Network Service Netlink Socket.
[[0;32m  OK  [0m] Listening on Journal Socket.
         Starting Monitoring of LVM2 mirrors…ng dmeventd or progress polling...
         Starting Remount Root and Kernel File Systems...
         Starting Create list of required st…ce nodes for the current kernel...
         Mounting Huge Pages File System...
         Starting Load Kernel Modules...
         Mounting POSIX Message Queue File System...
         Starting Uncomplicated firewall...
         Starting Set the console keyboard layout...
[[0;32m  OK  [0m] Reached target Swap.
[[0;32m  OK  [0m] Listening on udev Control Socket.
[[0;32m  OK  [0m] Set up automount Arbitrary Executab…rmats File System Automount Point.
[   28.363138] EXT4-fs (sda1): re-mounted. Opts: (null)
[[0;32m  OK  [0m] Listening on Journal Socket (/dev/log).
[[0;32m  OK  [0m] Listening on Journal Audit Socket.
         Starting Journal Service...
         Mounting Kernel Debug File System...
[[0;32m  OK  [0m] Listening on /dev/initctl Compatibility Named Pipe.
         Starting udev Coldplug all Devices...
[[0;32m  OK  [0m] Created slice User and Session Slice.
[[0;32m  OK  [0m] Reached target Slices.
[[0;32m  OK  [0m] Reached target System Time Synchronized.
[[0;32m  OK  [0m] Started Remount Root and Kernel File Systems.
[[0;32m  OK  [0m] Started Create list of required sta…vice nodes for the current kernel.
[[0;32m  OK  [0m] Mounted Huge Pages File System.
[[0;32m  OK  [0m] Mounted POSIX Message Queue File System.
[[0;32m  OK  [0m] Started Uncomplicated firewall.
[[0;32m  OK  [0m] Mounted Kernel Debug File System.
         Starting Create Static Device Nodes in /dev...
         Starting Load/Save Random Seed...
[[0;32m  OK  [0m] Started Journal Service.
[[0;32m  OK  [0m] Started udev Coldplug all Devices.
         Starting Flush Journal to Persistent Storage...
[   29.929276] systemd-journald[429]: Received request to flush runtime journal from PID 1
[   31.429256] Loading iSCSI transport class v2.0-870.
[[0;32m  OK  [0m] Started Load/Save Random Seed.
[   31.915397] iscsi: registered transport (tcp)
[[0;32m  OK  [0m] Started LVM2 metadata daemon.
[[0;32m  OK  [0m] Started Create Static Device Nodes in /dev.
         Starting udev Kernel Device Manager...
[   34.046799] iscsi: registered transport (iser)
[[0;32m  OK  [0m] Started Load Kernel Modules.
         Mounting Kernel Configuration File System...
         Starting Apply Kernel Variables...
         Mounting FUSE Control File System...
[[0;32m  OK  [0m] Mounted Kernel Configuration File System.
[[0;32m  OK  [0m] Mounted FUSE Control File System.
[[0;32m  OK  [0m] Started Monitoring of LVM2 mirrors,…sing dmeventd or progress polling.
[[0;32m  OK  [0m] Started Apply Kernel Variables.
[[0;32m  OK  [0m] Started udev Kernel Device Manager.
[[0;32m  OK  [0m] Found device /dev/ttyS0.
[[0;32m  OK  [0m] Listening on Load/Save RF Kill Switch Status /dev/rfkill Watch.
[[0m[0;31m*     [0m] (1 of 2) A start job is running for…ersistent Storage (21s / 1min 31s)[K[[0;1;31m*[0m[0;31m*    [0m] (1 of 2) A start job is running for…ersistent Storage (21s / 1min 31s)[K[[0;31m*[0;1;31m*[0m[0;31m*   [0m] (1 of 2) A start job is running for…ersistent Storage (22s / 1min 31s)[K[ [0;31m*[0;1;31m*[0m[0;31m*  [0m] (2 of 2) A start job is running for…e keyboard layout (22s / no limit)[K[  [0;31m*[0;1;31m*[0m[0;31m* [0m] (2 of 2) A start job is running for…e keyboard layout (23s / no limit)[K[   [0;31m*[0;1;31m*[0m[0;31m*[0m] (2 of 2) A start job is running for…e keyboard layout (23s / no limit)[K[    [0;31m*[0;1;31m*[0m] (1 of 2) A start job is running for…ersistent Storage (24s / 1min 31s)[K[[0;32m  OK  [0m] Started Set the console keyboard layout.
[[0;32m  OK  [0m] Reached target Local File Systems (Pre).
[[0;32m  OK  [0m] Reached target Local File Systems.
         Starting AppArmor initialization...
         Starting Set console font and keymap...
         Starting ebtables ruleset management...
         Starting Tell Plymouth To Write Out Runtime Data...
[[0;32m  OK  [0m] Started Dispatch Password Requests to Console Directory Watch.
[[0;32m  OK  [0m] Reached target Local Encrypted Volumes.
[[0;32m  OK  [0m] Started Set console font and keymap.
[[0;32m  OK  [0m] Started Tell Plymouth To Write Out Runtime Data.
[[0;32m  OK  [0m] Started ebtables ruleset management.
[[0;32m  OK  [0m] Started Flush Journal to Persistent Storage.
         Starting Create Volatile Files and Directories...
[[0;32m  OK  [0m] Started Create Volatile Files and Directories.
         Starting Update UTMP about System Boot/Shutdown...
[[0;32m  OK  [0m] Started Update UTMP about System Boot/Shutdown.
[[0;32m  OK  [0m] Started AppArmor initialization.
         Starting Initial cloud-init job (pre-networking)...
         Starting Load AppArmor profiles managed internally by snapd...
[[0;32m  OK  [0m] Started Load AppArmor profiles managed internally by snapd.
[   87.197819] cloud-init[701]: Cloud-init v. 20.3-2-g371b392c-0ubuntu1~18.04.1 running 'init-local' at Mon, 04 Jan 2021 04:33:08 +0000. Up 84.78 seconds.
[[0;32m  OK  [0m] Started Initial cloud-init job (pre-networking).
[[0;32m  OK  [0m] Reached target Network (Pre).
         Starting Network Service...
[[0;32m  OK  [0m] Started Network Service.
         Starting Network Name Resolution...
         Starting Wait for Network to be Configured...
[[0;32m  OK  [0m] Started Network Name Resolution.
[[0;32m  OK  [0m] Reached target Network.
[[0;32m  OK  [0m] Reached target Host and Network Name Lookups.
[[0;32m  OK  [0m] Started Wait for Network to be Configured.
         Starting Initial cloud-init job (metadata service crawler)...
[   91.200341] cloud-init[852]: Cloud-init v. 20.3-2-g371b392c-0ubuntu1~18.04.1 running 'init' at Mon, 04 Jan 2021 04:33:14 +0000. Up 90.45 seconds.
[   91.226466] cloud-init[852]: ci-info: ++++++++++++++++++++++++++++++++++++++Net device info+++++++++++++++++++++++++++++++++++++++
[   91.239388] cloud-init[852]: ci-info: +--------+------+-----------------------------+---------------+--------+-------------------+
[   91.254663] cloud-init[852]: ci-info: | Device |  Up  |           Address           |      Mask     | Scope  |     Hw-Address    |
[   91.276427] cloud-init[852]: ci-info: +--------+------+-----------------------------+---------------+--------+-------------------+
[   91.288744] cloud-init[852]: ci-info: | enp0s3 | True |          10.0.2.15          | 255.255.255.0 | global | 02:60:71:1d:34:36 |
[   91.305114] cloud-init[852]: ci-info: | enp0s3 | True |  fe80::60:71ff:fe1d:3436/64 |       .       |  link  | 02:60:71:1d:34:36 |
[   91.320236] cloud-init[852]: ci-info: | enp0s8 | True |         192.168.56.4        | 255.255.255.0 | global | 08:00:27:93:c8:ad |
[   91.332291] cloud-init[852]: ci-info: | enp0s8 | True | fe80::a00:27ff:fe93:c8ad/64 |       .       |  link  | 08:00:27:93:c8:ad |
[   91.441558] cloud-init[852]: ci-info: |   lo   | True |          127.0.0.1          |   255.0.0.0   |  host  |         .         |
[   91.456211] cloud-init[852]: ci-info: |   lo   | True |           ::1/128           |       .       |  host  |         .         |
[   91.472362] cloud-init[852]: ci-info: +--------+------+-----------------------------+---------------+--------+-------------------+
[   91.484381] cloud-init[852]: ci-info: +++++++++++++++++++++++++++++Route IPv4 info+++++++++++++++++++++++++++++
[   91.496403] cloud-init[852]: ci-info: +-------+--------------+----------+-----------------+-----------+-------+
[   91.508326] cloud-init[852]: ci-info: | Route | Destination  | Gateway  |     Genmask     | Interface | Flags |
[   91.520336] cloud-init[852]: ci-info: +-------+--------------+----------+-----------------+-----------+-------+
[   91.522049] cloud-init[852]: ci-info: |   0   |   0.0.0.0    | 10.0.2.2 |     0.0.0.0     |   enp0s3  |   UG  |
[   91.523886] cloud-init[852]: ci-info: |   1   |   10.0.2.0   | 0.0.0.0  |  255.255.255.0  |   enp0s3  |   U   |
[   91.536390] cloud-init[852]: ci-info: |   2   |   10.0.2.2   | 0.0.0.0  | 255.255.255.255 |   enp0s3  |   UH  |
[   91.548299] cloud-init[852]: ci-info: |   3   | 192.168.56.0 | 0.0.0.0  |  255.255.255.0  |   enp0s8  |   U   |
[   91.550173] cloud-init[852]: ci-info: +-------+--------------+----------+-----------------+-----------+-------+
[   91.552056] cloud-init[852]: ci-info: +++++++++++++++++++Route IPv6 info+++++++++++++++++++
[   91.553759] cloud-init[852]: ci-info: +-------+-------------+---------+-----------+-------+
[   91.555476] cloud-init[852]: ci-info: | Route | Destination | Gateway | Interface | Flags |
[   91.557143] cloud-init[852]: ci-info: +-------+-------------+---------+-----------+-------+
[   91.558879] cloud-init[852]: ci-info: |   1   |  fe80::/64  |    ::   |   enp0s8  |   U   |
[   91.560377] cloud-init[852]: ci-info: |   2   |  fe80::/64  |    ::   |   enp0s3  |   U   |
[   91.572309] cloud-init[852]: ci-info: |   4   |    local    |    ::   |   enp0s3  |   U   |
[   91.574737] cloud-init[852]: ci-info: |   5   |    local    |    ::   |   enp0s8  |   U   |
[   91.576332] cloud-init[852]: ci-info: |   6   |   ff00::/8  |    ::   |   enp0s8  |   U   |
[   91.577856] cloud-init[852]: ci-info: |   7   |   ff00::/8  |    ::   |   enp0s3  |   U   |
[   91.579977] cloud-init[852]: ci-info: +-------+-------------+---------+-----------+-------+
[[0;32m  OK  [0m] Started Initial cloud-init job (metadata service crawler).
[[0;32m  OK  [0m] Reached target Cloud-config availability.
[[0;32m  OK  [0m] Reached target Network is Online.
[[0;32m  OK  [0m] Reached target Remote File Systems (Pre).
[[0;32m  OK  [0m] Reached target Remote File Systems.
         Starting Availability of block devices...
[[0;32m  OK  [0m] Reached target System Initialization.
[[0;32m  OK  [0m] Started ACPI Events Check.
         Starting Docker Socket for the API.
[[0;32m  OK  [0m] Started Daily Cleanup of Temporary Directories.
         Starting LXD - unix socket.
[[0;32m  OK  [0m] Listening on Open-iSCSI iscsid Socket.
[[0;32m  OK  [0m] Listening on UUID daemon activation socket.
[[0;32m  OK  [0m] Reached target Paths.
[[0;32m  OK  [0m] Started Message of the Day.
[[0;32m  OK  [0m] Started Daily apt download activities.
[[0;32m  OK  [0m] Started Discard unused blocks once a week.
[[0;32m  OK  [0m] Started Daily apt upgrade and clean activities.
[[0;32m  OK  [0m] Listening on ACPID Listen Socket.
[[0;32m  OK  [0m] Reached target Timers.
[[0;32m  OK  [0m] Listening on D-Bus System Message Bus Socket.
         Starting Socket activation for snappy daemon.
[[0;32m  OK  [0m] Started Availability of block devices.
[[0;32m  OK  [0m] Listening on Docker Socket for the API.
[[0;32m  OK  [0m] Listening on LXD - unix socket.
[[0;32m  OK  [0m] Listening on Socket activation for snappy daemon.
[[0;32m  OK  [0m] Reached target Sockets.
[[0;32m  OK  [0m] Reached target Basic System.
         Starting Accounts Service...
         Starting Permit User Sessions...
         Starting System Logging Service...
[[0;32m  OK  [0m] Started Regular background program processing daemon.
[[0;32m  OK  [0m] Started kubelet: The Kubernetes Node Agent.
         Starting Discard unused blocks...
[[0;32m  OK  [0m] Started irqbalance daemon.
         Starting LXD - container startup/shutdown...
         Starting containerd container runtime...
         Starting Login Service...
         Starting Virtualbox guest utils...
[[0;32m  OK  [0m] Started FUSE filesystem for LXC.
         Starting LSB: automatic crash report generation...
         Starting OpenBSD Secure Shell server...
         Starting LSB: Record successful boot for GRUB...
[[0;32m  OK  [0m] Started D-Bus System Message Bus.
[[0;32m  OK  [0m] Started Login Service.
[[0;32m  OK  [0m] Started Unattended Upgrades Shutdown.
[[0;32m  OK  [0m] Started Deferred execution scheduler.
         Starting Dispatcher daemon for systemd-networkd...
         Starting Snap Daemon...
[[0;32m  OK  [0m] Started System Logging Service.
[[0;32m  OK  [0m] Started Permit User Sessions.
[[0;32m  OK  [0m] Started Discard unused blocks.
[[0;32m  OK  [0m] Started containerd container runtime.
[[0;32m  OK  [0m] Started OpenBSD Secure Shell server.
         Starting Docker Application Container Engine...
         Starting Terminate Plymouth Boot Screen...
         Starting Hold until boot process finishes up...
[[0;32m  OK  [0m] Started Hold until boot process finishes up.
[[0;32m  OK  [0m] Started Serial Getty on ttyS0.
         Starting Set console scheme...
[[0;32m  OK  [0m] Started Terminate Plymouth Boot Screen.
[[0;32m  OK  [0m] Started Set console scheme.
[[0;32m  OK  [0m] Created slice system-getty.slice.
[[0;32m  OK  [0m] Started Getty on tty1.
[[0;32m  OK  [0m] Reached target Login Prompts.
         Starting Authorization Manager...
[[0;32m  OK  [0m] Started LSB: automatic crash report generation.
[[0;32m  OK  [0m] Started LSB: Record successful boot for GRUB.

Ubuntu 18.04.5 LTS kubenode02 ttyS0

kubenode02 login: [  138.886864] cloud-init[1828]: Cloud-init v. 20.3-2-g371b392c-0ubuntu1~18.04.1 running 'modules:config' at Mon, 04 Jan 2021 04:34:02 +0000. Up 138.61 seconds.
[  156.259719] cloud-init[2395]: Cloud-init v. 20.3-2-g371b392c-0ubuntu1~18.04.1 running 'modules:final' at Mon, 04 Jan 2021 04:34:19 +0000. Up 155.98 seconds.
[  156.259930] cloud-init[2395]: Cloud-init v. 20.3-2-g371b392c-0ubuntu1~18.04.1 finished at Mon, 04 Jan 2021 04:34:19 +0000. Datasource DataSourceNoCloud [seed=/dev/sdb][dsmode=net].  Up 156.25 seconds
